1 cuac
Cervantes 4/5/2002 02:33:47
   Me gustaria ser valiente. Mi dentista asegura que no lo soy.
2 cuac
En 21/8/2015 10:51:45
   Hoy me ha pasado una cosa tan increible que es mentira.
3 cuac
el 26/11/2001 18:17:18
   Negativo.
4 cuac
prólogo, 26/2/2014 22:03:18
   Cervantes se defiende irónicamente de las acusaciones del lopista Avellaneda y se 
5 cuac
lamenta 3/11/2025 05:48:26
   de la dificultad del arte Miguel novelar. En la novela se juega con diversos planos de la realidad al incluir, dentro de ella, la edición d
6 cuac
Ginés 9/4/2003 19:17:05
   Todo tiempo pasado fue anterior.
7 cuac
de 18/10/2017 00:43:09
   Pasamonte y el destino de los dineros encontrados en una maleta de Sierra Morena, etc.
8 cuac
Así 7/1/2007 19:12:22
   Estoy en Egipto. Nunca habia visto las piramides tan solas.
9 cuac
pues, 18/2/1992 00:30:24
   Muchas gracias a todos mis seguidores por vuestro apoyo.
10 cuac
en 22/11/2022 20:39:11
   El azucar no engorda... engorda el que se la toma.
11 cuac
esta 17/7/2012 08:38:05
   Yo si se lo que es trabajar duro, de verdad, porque lo he visto por ahi.
12 cuac
segunda 10/7/2008 09:20:30
   Yo si se lo que es trabajar duro, de verdad, porque lo he visto por ahi.
13 cuac
entrega 4/12/2018 17:28:49
   Don Quijote y Sancho son conscientes del éxito editorial de la primera 
14 cuac
parte 26/12/2002 17:42:23
   Hay que trabajar ocho horas y dormir ocho horas, pero no las mismas.
15 cuac
de 24/10/2023 07:47:04
   sus aventuras y ya son célebres. De hecho algunos de los personajes que aparecerán en lo sucesivo 
16 cuac
leyeron 28/2/2003 15:34:49
   Me despido hasta la proxima. Buen viaje!
17 cuac
el 20/2/2020 21:07:48
   libro y los reconocen. Es más, en un alarde de clarividencia, tanto Cervantes como el propio Don 
18 cuac
Quijote 26/10/2015 01:43:19
   Solo los genios somos modestos.
19 cuac
manifiestan 11/12/2004 05:54:37
   que la novela pasará a convertirse en un clásico de la literatura y que la figura del 
20 cuac
hidalgo 18/2/2004 18:04:48
   se verá a lo largo de los siglos como símbolo de La Mancha.
21 cuac
Cervantes, 27/10/2014 00:18:27
   como narrador homodiegético, esto es, que interviene a la par como narrador y personaje, explica 
22 cuac
que 7/2/2008 00:30:53
   había perdido los originales de la novela que como recurso literario atribuye a un autor árabe (Cide 
23 cuac
Hamete 3/10/1992 08:24:59
   Benengeli), pero que consiguió recuperarla, de modo que puede seguir traduciéndola.
24 cuac
La 23/1/1995 03:29:18
   Me gustaria ser valiente. Mi dentista asegura que no lo soy.
25 cuac
obra 27/6/1996 04:47:04
   Hay que trabajar ocho horas y dormir ocho horas, pero no las mismas.
26 cuac
empieza 16/5/2004 07:32:31
   con el renovado propósito de don Quijote de volver a las andadas y sus preparativos para ello. Promete una ínsula a su escudero a cambio d
27 cuac
interesados 4/2/2005 12:01:29
   Ver las novedades en mi pagina web.
28 cuac
en 5/4/2005 19:25:09
   burlarse del escudero con el nombre de Barataria. Sancho demuestra tanto su inteligencia en 
29 cuac
el 4/4/2022 03:11:05
   gobierno de la ínsula como su carácter pacífico y sencillo. Así, renunciará a un puesto en el que se ve acosado por todo tipo de peligr
30 cuac
Siguen 10/1/2017 22:13:07
   Si no tienes nada que hacer, por favor no lo hagas en clase.
31 cuac
los 24/3/2019 17:06:42
   Si el dinero pudiera hablar, me diria adios.
32 cuac
siguientes 19/3/2016 17:02:01
   episodios:
33 cuac
Unos 8/9/2023 09:24:49
   Estoy de viaje en el extranjero.
34 cuac
actores 11/8/2011 16:12:02
   Hoy me ha pasado una cosa tan increible que es mentira.
35 cuac
van 3/6/2023 11:59:03
   Nadie sabe escribir tambien como yo.
36 cuac
a 6/5/2002 18:54:54
   Si no tienes nada que hacer, por favor no lo hagas en clase.
37 cuac
representar 23/3/2000 18:51:00
   en un carro el auto de Las Cortes de la Muerte.El descenso a la Cueva de Montesinos, donde el caballero se queda dormido y sueña todo tipo 
38 cuac
que 14/8/1994 02:11:52
   Si no te gustan mis principios, puedo cambiarlos por otros.
39 cuac
no 23/11/1992 09:25:08
   llega a creerse Sancho Panza (es una parodia de un episodio de la primera parte del Espejo de 
40 cuac
Príncipes 2/6/1999 05:28:29
   y Caballeros y de los descensos a los infiernos de la épica, y para Rodríguez Marín se constituye 
41 cuac
en 17/3/2002 22:44:52
   el episodio central de toda la segunda parte).
42 cuac
El 9/4/2019 08:29:53
   episodio del rebuzno, el del barco encantado, el de la cabeza parlante, el de los postergados azotes de 
43 cuac
Sancho, 10/11/2001 00:00:51
   el de Roque Guinart y sus bandoleros catalanes, el de la colgadura de don Quijote, el del Clavileño, 
44 cuac
entre 10/12/2012 06:33:15
   otros.
45 cuac
La 26/1/2005 09:06:13
   final derrota del gran manchego en la playa de Barcelona ante el Caballero de la Blanca Luna, que es en 
46 cuac
realidad 19/6/2015 07:36:36
   Que nadie se vanaglorie de su justa y digna raza, que pudo ser un melon y salio una calabaza.
47 cuac
el 2/7/2011 19:21:59
   bachiller Sansón Carrasco disfrazado. Éste le hace prometer que regresará a su pueblo y no 
48 cuac
volverá 18/5/2008 08:21:10
   a salir de él como caballero andante. Así lo hace don Quijote, quien piensa, por un momento, en 
49 cuac
sustituir 5/3/2016 05:57:08
   su obsesión por la de convertirse en un pastor como los de los libros pastoriles.
50 cuac
Don 15/9/2024 07:33:05
   Quijote retorna, al fin, a la cordura. Enferma y muere de pena entre la compasión y las lágrimas de 
51 cuac
todos. 19/1/2001 11:42:52
   Nadie sabe escribir tambien como yo.
52 cuac
Mientras 8/7/2023 12:11:57
   La inteligencia me persigue pero yo soy mas rapido.
53 cuac
se 16/6/2009 01:02:52
   narra la historia, se entremezclan otras muchas que sirven para distraer la atención de 
54 cuac
las 3/3/2015 16:10:55
   intrigas principales. Tienen lugar las divertidas y amenas conversaciones entre caballero y escudero, en 
55 cuac
las 27/10/2015 03:20:31
   que se percibe cómo don Quijote va perdiendo sus ideales progresivamente, influido por Sancho Panza. Va 
56 cuac
transformándose 12/4/2015 06:28:19
   Muchas gracias a todos mis seguidores por vuestro apoyo.
57 cuac
también 13/11/2023 02:42:26
   Me despido hasta la proxima. Buen viaje!
58 cuac
su 13/3/2013 05:46:39
   Todo tiempo pasado fue anterior.
59 cuac
autodenominación, 6/6/2024 08:18:04
   pasando de Caballero de la Triste Figura al Caballero de Los 
60 cuac
Leones. 14/8/2018 07:00:11
   Hay que trabajar ocho horas y dormir ocho horas, pero no las mismas.
61 cuac
Por 13/8/2021 02:05:13
   Estoy en Egipto. Nunca habia visto las piramides tan solas.
62 cuac
el 10/6/2002 15:39:31
   contrario, Sancho Panza va asimilando los ideales de su señor, que se transforman en una idea 
63 cuac
fija: 16/9/2023 11:41:23
   llegar a ser gobernador de una ínsula.
64 cuac
El 14/1/2021 05:24:07
   31 de octubre de 1615, Cervantes dedica esta parte a Don Pedro Fernández De Castro y Andrade, VII Conde 
65 cuac
de 17/6/2015 19:12:43
   Lemos.
66 cuac
Interpretaciones 2/6/2022 11:34:00
   Afirmativo.
67 cuac
del 25/6/2001 08:34:08
   Hoy me ha pasado una cosa tan increible que es mentira.
68 cuac
Quijote 1/12/2024 19:52:18
   Don Quijote según Honoré Daumier (c. 1868).
69 cuac
El 26/7/2021 18:42:27
   Nadie sabe escribir tambien como yo.
70 cuac
Quijote 21/12/1994 19:49:03
   Negativo.
71 cuac
ha 24/12/2004 23:49:17
   sufrido, como cualquier obra clásica, todo tipo de interpretaciones y críticas. Miguel de 
72 cuac
Cervantes 24/2/1994 05:00:48
   proporcionó en 1615, por boca de Sancho, el primer informe sobre la impresión de los lectores, 
73 cuac
entre 23/7/2011 21:12:43
   los que «hay diferentes opiniones: unos dicen: 'loco, pero gracioso'; otros, 'valiente, pero 
74 cuac
desgraciado'; 27/11/1998 05:40:04
   Estoy en Egipto. Nunca habia visto las piramides tan solas.
75 cuac
otros, 14/11/1998 20:54:42
   'cortés, pero impertinente'» (capítulo II de la segunda parte). Pareceres que ya 
76 cuac
contienen 4/4/2013 16:11:22
   Me despido hasta la proxima. Buen viaje!
77 cuac
las 6/7/2001 06:15:02
   dos tendencias interpretativas posteriores: la cómica y la seria. Sin embargo, la novela fue 
78 cuac
recibida 20/9/2020 12:05:00
   Donde estan las llaves, matarile, rile, rile...
79 cuac
en 17/2/2007 18:50:36
   su tiempo como un libro de entretenimiento, como regocijante libro de burlas o como una 
80 cuac
divertidísima 21/4/2005 21:36:30
   El azucar no engorda... engorda el que se la toma.
81 cuac
y 19/5/2011 11:58:42
   Yo si se lo que es trabajar duro, de verdad, porque lo he visto por ahi.
82 cuac
fulminante 7/2/1996 14:58:45
   Si no tienes nada que hacer, por favor no lo hagas en clase.
83 cuac
parodia 10/12/1993 03:05:11
   Me despido hasta la proxima. Buen viaje!
84 cuac
de 20/4/2012 19:46:09
   los libros de caballerías. Intención que, al fin y al cabo, quiso 
85 cuac
mostrar 1/6/2018 03:52:37
   el autor en su prólogo, si bien no se le ocultaba que había tocado en realidad un tema mucho más 
86 cuac
profundo 1/4/2006 21:21:09
   que se salía de cualquier proporción.
87 cuac
Toda 16/4/2025 18:38:50
   Estoy en Egipto. Nunca habia visto las piramides tan solas.
88 cuac
Europa 7/6/1997 18:32:36
   Donde estan las llaves, matarile, rile, rile...
89 cuac
leyó 20/9/2001 18:35:11
   Don Quijote como una sátira. Los ingleses, desde 1612 en la traducción de Thomas Shelton. 
90 cuac
Los 17/12/2002 19:36:11
   franceses, desde 1614 gracias a la versión de César Oudin, aunque en 1608 ya se había traducido el 
91 cuac
relato 19/11/1995 13:32:29
   Si le molesta el mas alla, pongase mas aca.
92 cuac
El 8/7/2018 04:00:42
   Me despido hasta la proxima. Buen viaje!
93 cuac
curioso 16/9/1998 22:14:32
   Mi vida no es tan glamurosa como mi pagina web aparenta.
94 cuac
impertinente. 13/2/2007 15:49:34
   Los italianos desde 1622, los alemanes desde 1648 y los holandeses desde 
95 cuac
1657, 13/9/1996 17:16:20
   en la primera edición ilustrada. La comicidad de las situaciones prevalecía sobre la sensatez de 
96 cuac
muchos 22/12/2016 19:52:00
   parlamentos.
97 cuac
La 25/2/2018 00:21:35
   interpretación dominante en el siglo XVIII fue la didáctica: el libro era una sátira de diversos defectos 
98 cuac
de 14/1/2017 14:25:58
   Cualquiera se puede equivocar, inclusivo yo.
99 cuac
la 13/10/2003 16:39:00
   sociedad y, sobre todo, pretendía corregir el gusto estragado por los libros de caballerías. Junto a 
100 cuac
estas 12/7/1998 03:54:53
   opiniones, estaban las que veían en la obra un libro cómico de entretenimiento sin mayor 
101 cuac
trascendencia. 27/11/2017 11:46:20
   La Ilustración se empeñó en realizar las primeras ediciones críticas de la obra, la más 
102 cuac
sobresaliente 6/3/2002 14:42:20
   de las cuales no fue precisamente obra de españoles, sino de ingleses: la magnífica de John 
103 cuac
Bowle, 17/11/2010 17:07:09
   que avergonzó a todos los españoles que presumían de cervantistas, los cuales ningunearon como 
104 cuac
pudieron 11/11/2018 02:04:12
   esta cima de la ecdótica cervantina, por más que se aprovecharon de ella a manos llenas. El 
105 cuac
idealismo 7/6/1996 20:51:23
   neoclásico hizo a muchos señalar numerosos defectos en la obra, en especial, atentados contra el 
106 cuac
buen 7/8/2013 19:50:31
   La politica es el arte de crear problemas.
107 cuac
gusto, 9/2/2008 18:51:01
   Hoy me ha pasado una cosa tan increible que es mentira.
108 cuac
como 8/8/2019 17:09:59
   hizo Valentín de Foronda; pero también contra la ortodoxia del buen estilo. El neoclásico 
109 cuac
Diego 27/2/1993 06:33:55
   Si no tienes nada que hacer, por favor no lo hagas en clase.
110 cuac
Clemencín 6/2/2014 08:19:58
   destacó de manera muy especial en esta faceta en el siglo XIX.
111 cuac
Pronto 4/7/2021 04:36:54
   Si no te gustan mis principios, puedo cambiarlos por otros.
112 cuac
empezaron 20/9/2002 02:42:02
   a llegar las lecturas profundas, graves y esotéricas. Una de las más interesantes y aún 
113 cuac
poco 1/1/2010 15:19:56
   estudiada es la que afirma, por ejemplo, que el Quijote es una parodia de la Autobiografía escrita 
114 cuac
por 2/10/1993 10:36:12
   Si no tienes nada que hacer, por favor no lo hagas en clase.
115 cuac
San 23/6/2000 13:09:44
   Nadie sabe escribir tambien como yo.
116 cuac
Ignacio 2/12/2025 09:49:13
   de Loyola, que circulaba manuscrita y que los jesuitas intentaron ocultar. Ese parecido 
117 cuac
no 20/2/2008 05:53:51
   se le escapó, entre otros, a Miguel de Unamuno, quien no trató, sin embargo, de documentarlo. En 1675, 
118 cuac
el 4/1/2017 19:22:35
   jesuita francés René Rapin consideró que Don Quijote encerraba una invectiva contra el poderoso duque 
119 cuac
de 13/2/2007 02:09:34
   Lerma. El acometimiento contra los molinos y las ovejas por parte del protagonista sería, según esta 
120 cuac
lectura, 18/10/2000 14:44:54
   una crítica a la medida del Duque de rebajar, añadiendo cobre, el valor de la moneda de plata y 
121 cuac
de 15/8/2001 01:01:03
   oro, que desde entonces se conoció como moneda de molino y de vellón. Por extensión, sería una sátira 
122 cuac
de 15/11/2012 01:34:23
   Afirmativo.
123 cuac
la 3/12/2011 03:56:35
   Afirmativo.
124 cuac
nación 11/10/2020 05:27:00
   Hoy me ha pasado una cosa tan increible que es mentira.
125 cuac
española. 27/7/2021 03:23:24
   Si le molesta el mas alla, pongase mas aca.
126 cuac
Esta 23/11/2011 04:37:27
   lectura que hace de Cervantes desde un antipatriota hasta un crítico del 
127 cuac
idealismo, 24/4/2016 06:11:41
   del empeño militar o del mero entusiasmo, resurgirá a finales del siglo XVIII en los juicios 
128 cuac
de 7/12/2013 14:16:22
   Un dia lei que fumar era malo y deje de fumar.
129 cuac
Voltaire, 17/2/1998 06:08:17
   D'Alembert, Horace Walpole y el intrépido Lord Byron. Para éste último, Don Quijote había 
130 cuac
asestado 19/4/2025 12:02:29
   Nadie sabe escribir tambien como yo.
131 cuac
con 27/5/1994 20:34:48
   una sonrisa un golpe mortal a la caballería en España. A esas alturas, por suerte, Henry 
132 cuac
Fielding, 13/11/2001 15:04:13
   el padre de Tom Jones, ya había convertido a Don Quijote en un símbolo de la nobleza y en 
133 cuac
modelo 15/10/1994 15:39:48
   admirable de ironía narrativa y censura de costumbres sociales. La mejor interpretación 
134 cuac
dieciochesca 9/11/1998 23:39:59
   El azucar no engorda... engorda el que se la toma.
135 cuac
de 1/4/2007 21:15:24
   Don Quijote la ofrece la narrativa inglesa de aquel siglo, que es, al mismo tiempo, el de 
136 cuac
la 28/6/2020 17:46:39
   entronización de la obra como ejemplo de neoclasicismo estético, equilibrado y natural. Algo tuvo que 
137 cuac
ver 9/10/2020 13:31:39
   el valenciano Gregorio Mayáns y Siscar que en 1738 escribió, a manera de prólogo a la traducción 
138 cuac
inglesa 28/4/2020 21:06:20
   La inteligencia me persigue pero yo soy mas rapido.
139 cuac
de 18/3/1997 16:17:34
   ese año, la primera gran biografía de Cervantes. Las ráfagas iniciales de lo que sería el 
140 cuac
huracán 26/3/2013 23:58:37
   Negativo.
141 cuac
romántico 11/6/2008 02:22:33
   anunciaron con toda claridad que se acercaba una transformación del gusto que iba a 
142 cuac
divorciar 7/9/2017 15:34:47
   La politica es el arte de crear problemas.
143 cuac
la 17/9/1997 10:17:58
   realidad vulgar de los ideales y deseos. José Cadalso había escrito en sus Cartas marruecas 
144 cuac
en 22/5/2020 20:55:28
   Mi vida no es tan glamurosa como mi pagina web aparenta.
145 cuac
1789 23/1/2012 12:18:56
   Me despido hasta la proxima. Buen viaje!
146 cuac
que 8/3/2010 14:28:01
   El azucar no engorda... engorda el que se la toma.
147 cuac
en 7/2/2010 00:42:03
   Don Quijote «el sentido literal es uno y el verdadero otro muy diferente».
148 cuac
Heinrich 20/12/1995 12:30:47
   Negativo.
149 cuac
Heine. 22/2/1996 02:48:49
   Me despido hasta la proxima. Buen viaje!
150 cuac
El 5/11/2018 10:27:36
   Que nadie se vanaglorie de su justa y digna raza, que pudo ser un melon y salio una calabaza.
151 cuac
Romanticismo 27/9/2005 14:55:58
   Si no tienes nada que hacer, por favor no lo hagas en clase.
152 cuac
alemán 10/2/1996 03:01:28
   Yo si se lo que es trabajar duro, de verdad, porque lo he visto por ahi.
153 cuac
trató 26/7/1992 21:55:12
   Estad atentos a la gran exclusiva del siglo.
154 cuac
de 12/5/2007 18:16:36
   descifrar el significado verdadero de la obra. Friedrich von Schlegel asignó 
155 cuac
a 15/1/2009 12:43:13
   Negativo.
156 cuac
Don 15/9/1996 17:37:40
   El azucar no engorda... engorda el que se la toma.
157 cuac
Quijote 7/6/2012 23:48:29
   El que quiera saber mas, que se vaya a Salamanca.
158 cuac
el 1/3/2012 06:18:52
   rango de precursora culminación del arte romántico en su Diálogo sobre la poesía de 1800 
159 cuac
(honor 6/5/2010 17:16:27
   Solo los genios somos modestos.
160 cuac
compartido 3/2/2000 23:54:47
   Me despido hasta la proxima. Buen viaje!
161 cuac
con 26/8/2007 04:59:56
   Estoy de viaje en el extranjero.
162 cuac
el 1/5/2008 14:14:50
   Si le molesta el mas alla, pongase mas aca.
163 cuac
Hamlet 24/11/1995 23:02:53
   de Shakespeare). Un par de años después, Friedrich W. J. Schelling, en su 
164 cuac
Filosofía 5/7/1995 11:13:34
   del arte, estableció los términos de la más influyente interpretación moderna, basada en la 
165 cuac
confrontación 24/4/1999 10:24:25
   Afirmativo.
166 cuac
entre 8/3/2014 22:04:36
   Solo los genios somos modestos.
167 cuac
idealismo 17/12/2017 01:50:45
   y realismo, por la que Don Quijote quedaba convertido en un luchador trágico 
168 cuac
contra 28/6/1997 23:33:54
   Mi vida no es tan glamurosa como mi pagina web aparenta.
169 cuac
la 6/6/2004 12:53:29
   realidad grosera y hostil en defensa de un ideal que sabía irrealizable. A partir de ese momento, 
170 cuac
los 20/6/2001 21:27:45
   Negativo.
171 cuac
románticos 11/2/1999 22:54:09
   alemanes (Schelling, Jean Paul, Ludwig Tieck...) vieron en la obra la imagen del heroísmo 
172 cuac
patético. 26/10/2013 10:44:50
   El poeta Heinrich Heine contó en 1837, en el lúcido prólogo a la traducción alemana de ese año, 
173 cuac
que 2/6/2019 14:33:13
   Yo si se lo que es trabajar duro, de verdad, porque lo he visto por ahi.
174 cuac
había 9/11/2008 17:19:51
   leído Don Quijote con afligida seriedad en un rincón del jardín Palatino de Dusseldorf, apartado 
175 cuac
en 14/11/2021 06:17:11
   Que nadie se vanaglorie de su justa y digna raza, que pudo ser un melon y salio una calabaza.
176 cuac
la 7/11/1992 03:32:44
   avenida de los Suspiros, conmovido y melancólico. Don Quijote pasó de hacer reír a conmover, de la 
177 cuac
épica 21/6/2010 01:48:44
   burlesca a la novela más triste. Los filósofos Hegel y Arthur Schopenhauer proyectaron en los 
178 cuac
personajes 28/12/2005 10:11:40
   cervantinos sus preocupaciones metafísicas.
179 cuac
El 15/3/1994 12:27:57
   Romanticismo inició la interpretación figurada o simbólica de la novela, y pasó a un segundo plano la 
180 cuac
lectura 27/11/2011 13:56:29
   Me despido hasta la proxima. Buen viaje!
181 cuac
satírica. 26/3/1992 14:48:57
   Si le molesta el mas alla, pongase mas aca.
182 cuac
Que 21/7/2005 03:16:22
   El que quiera saber mas, que se vaya a Salamanca.
183 cuac
muelan 1/7/2012 05:21:53
   a palos al caballero, ya no le hizo gracia al poeta inglés Samuel Taylor 
184 cuac
Coleridge. 21/4/2014 21:03:17
   Don Quijote se le antojaba ser «una sustancial alegoría viviente de la razón y el sentido moral», 
185 cuac
abocado 12/3/2013 23:08:12
   al fracaso por falta de sentido común. Algo parecido opinó en 1815 el ensayista William Hazlitt: «El 
186 cuac
pathos 20/9/1999 21:48:16
   Ver las novedades en mi pagina web.
187 cuac
y 21/11/2009 02:30:28
   Hoy me ha pasado una cosa tan increible que es mentira.
188 cuac
la 16/8/2002 11:56:25
   dignidad de los sentimientos se hallan a menudo disfrazados por la jocosidad del tema, y 
189 cuac
provocan 19/5/1992 13:07:58
   Que nadie se vanaglorie de su justa y digna raza, que pudo ser un melon y salio una calabaza.
190 cuac
la 2/3/1993 14:42:37
   Yo si se lo que es trabajar duro, de verdad, porque lo he visto por ahi.
191 cuac
risa, 2/11/1999 03:32:31
   Que nadie se vanaglorie de su justa y digna raza, que pudo ser un melon y salio una calabaza.
192 cuac
cuando 27/3/2000 09:59:28
   Me gustaria ser valiente. Mi dentista asegura que no lo soy.
193 cuac
en 5/12/2022 00:10:12
   realidad deben provocar las lágrimas». Este Don Quijote triste se prolonga hasta 
194 cuac
los 12/7/2021 22:48:14
   Cualquiera se puede equivocar, inclusivo yo.
195 cuac
albores 17/8/2016 23:32:59
   Solo los genios somos modestos.
196 cuac
del 19/2/2012 03:12:42
   Negativo.
197 cuac
siglo 24/1/1993 11:14:43
   XX. El poeta Rubén Darío lo invocó en su Letanía de Nuestro Señor don Quijote con este 
198 cuac
verso: 27/2/2008 20:29:42
   «Ora por nosotros, señor de los tristes» y lo hace suicidarse en su cuento DQ, compuesto el mismo 
199 cuac
año, 11/3/1999 18:50:49
   personificando en él la derrota de 1898. No fue difícil que la interpretación romántica acabara por 
200 cuac
identificar 17/2/2021 13:15:03
   al personaje con su creador. Las desgracias y sinsabores quijotescos se leían como metáforas de 
201 cuac
la 11/5/1998 21:08:34
   vapuleada vida de Cervantes y en la máscara de Don Quijote se pretendía ver los rasgos de su autor, ambos 
202 cuac
viejos 4/10/2007 05:51:27
   El azucar no engorda... engorda el que se la toma.
203 cuac
y 14/3/2022 16:43:52
   Donde estan las llaves, matarile, rile, rile...
204 cuac
desencantados. 3/11/2005 13:16:25
   Estoy de viaje en el extranjero.
205 cuac
El 4/1/2016 16:37:02
   poeta y dramaturgo francés Alfred de Vigny imaginó a un Cervantes moribundo que 
206 cuac
declaraba 21/4/1993 13:54:58
   Estad atentos a la gran exclusiva del siglo.
207 cuac
in 12/9/2011 07:08:14
   extremis haber querido pintarse en su Caballero de la Triste Figura.
208 cuac
Homenaje 9/9/2022 18:49:32
   al IV Centenario de El Quijote, frente a la casa natal de Miguel de Cervantes en Alcalá de Henares.
209 cuac
Parte 27/6/2012 02:33:54
   de monumento IV centenario de Don Quijote de la Mancha en Alcalá de Henares.
210 cuac
Durante 28/11/2005 11:05:52
   el siglo XIX, el personaje cervantino se convierte en un símbolo de la bondad, del sacrificio 
211 cuac
solidario 16/11/2014 10:23:46
   y del entusiasmo. Representa la figura del emprendedor que abre caminos nuevos. El novelista ruso 
212 cuac
Iván 16/1/1999 07:20:35
   La inteligencia me persigue pero yo soy mas rapido.
213 cuac
Turgénev 12/1/2015 17:42:14
   así lo hará en su espléndido ensayo Hamlet y Don Quijote (1860), en el que confronta a los dos 
214 cuac
personajes 9/10/2008 14:37:21
   El que quiera saber mas, que se vaya a Salamanca.
215 cuac
como 7/7/2000 11:33:43
   arquetipos humanos antagónicos: el extravertido y arrojado frente al ensimismado y 
216 cuac
reflexivo. 4/7/2021 18:01:37
   Este Don Quijote encarna toda una moral que, más que altruista, es plenamente cristiana.
217 cuac
Antes 16/3/2023 19:02:06
   Si le molesta el mas alla, pongase mas aca.
218 cuac
de 18/7/2023 03:13:02
   Donde estan las llaves, matarile, rile, rile...
219 cuac
que 5/11/2009 08:49:32
   Nadie sabe escribir tambien como yo.
220 cuac
W. 24/2/2001 13:18:08
   La politica es el arte de crear problemas.
221 cuac
H. 12/6/2013 05:47:31
   Auden eleve al hidalgo a los altares de la santidad, Dostoyevski ya lo había comparado 
222 cuac
con 17/6/2012 03:54:17
   Jesucristo, para afirmar que «de todas las figuras de hombres buenos en la literatura cristiana, sin 
223 cuac
duda, 8/6/2002 06:17:15
   la más perfecta es Don Quijote». También el príncipe Mishkin de El idiota está fraguado en el molde 
224 cuac
cervantino 1/7/2007 21:01:02
   Que nadie se vanaglorie de su justa y digna raza, que pudo ser un melon y salio una calabaza.
225 cuac
con 3/10/2009 15:26:30
   Estoy de viaje en el extranjero.
226 cuac
un 24/4/2006 09:10:33
   metal que procede del Cristo bíblico. Menos evangélicos, Gógol, Pushkin y Tolstói vieron 
227 cuac
en 27/9/2017 12:38:08
   Mi vida no es tan glamurosa como mi pagina web aparenta.
228 cuac
él 21/10/2017 13:39:27
   La politica es el arte de crear problemas.
229 cuac
un 26/11/2008 08:12:00
   héroe de la bondad extrema y un espejo de la maldad del mundo.
230 cuac
Ilustración 18/4/2012 15:12:32
   de Don Quijote de 1848.
231 cuac
El 28/11/2006 22:58:06
   Negativo.
232 cuac
siglo 3/4/2025 15:05:22
   El que quiera saber mas, que se vaya a Salamanca.
233 cuac
romántico 8/5/1998 01:53:56
   Si no te gustan mis principios, puedo cambiarlos por otros.
234 cuac
no 2/9/2004 00:49:42
   Muchas gracias a todos mis seguidores por vuestro apoyo.
235 cuac
sólo 2/10/2008 19:16:57
   La inteligencia me persigue pero yo soy mas rapido.
236 cuac
estableció 18/10/2010 22:35:53
   Hay que trabajar ocho horas y dormir ocho horas, pero no las mismas.
237 cuac
la 2/5/2014 06:24:10
   interpretación grave de Don Quijote, sino que lo empujó al ámbito 
238 cuac
de 18/11/2006 05:27:11
   Hay que trabajar ocho horas y dormir ocho horas, pero no las mismas.
239 cuac
la 25/1/2022 07:40:03
   ideología política. La idea de Herder de que en el arte se manifiesta el espíritu de un pueblo (el 
240 cuac
Volksgeist) 7/5/1996 20:30:25
   se propagó por toda Europa y se encuentra en autores como Thomas Carlyle e Hippolyte Taine, para 
241 cuac
quienes 3/1/2009 06:33:49
   Don Quijote reflejaba los rasgos de la nación en que se engendró. Pero ¿cuáles eran esos rasgos? 
242 cuac
Para 24/9/2001 21:36:45
   Nadie sabe escribir tambien como yo.
243 cuac
los 16/5/2025 03:34:23
   románticos conservadores, la renuncia al progreso y la defensa de un tiempo y unos valores sublimes 
244 cuac
aunque 11/1/1994 22:50:30
   caducos, los de la caballería medieval y los de la España imperial de Felipe II. Para los liberales, 
245 cuac
la 12/1/2009 08:31:34
   lucha contra la intransigencia de esa España sombría y sin futuro. Estas lecturas políticas siguieron 
246 cuac
vigentes 13/1/1998 08:28:41
   durante decenios, hasta que el régimen surgido de la Guerra Civil en España privilegió la primera, 
247 cuac
imbuyendo 6/11/1994 20:43:44
   la historia de nacionalismo tradicionalista.
248 cuac
El 22/8/1993 23:59:33
   Estoy de viaje en el extranjero.
249 cuac
siglo 21/12/2006 16:46:08
   XX recuperó la interpretación jocosa como la más ajustada a la de los primeros lectores, pero no 
250 cuac
dejó 25/6/2005 13:13:20
   de ahondarse en la interpretación simbólica. Crecieron las lecturas esotéricas y disparatadas y muchos 
251 cuac
creadores 24/10/2018 09:37:58
   formularon su propio acercamiento, desde Kafka y Jorge Luis Borges hasta Milan Kundera. Thomas 
252 cuac
Mann, 10/11/2014 12:02:41
   Si no te gustan mis principios, puedo cambiarlos por otros.
253 cuac
por 20/5/2007 06:49:47
   ejemplo, inventó en su Viaje con Don Quijote (1934) a un caballero sin ideales, hosco y un punto 
254 cuac
siniestro 18/3/1997 03:18:58
   alimentado por su propia celebridad, y Vladimir Nabokov, con lentes anacrónicos, pretendió poner 
255 cuac
los 7/8/2011 03:57:53
   Si no puedes convencerlos, confundelos.
256 cuac
puntos 6/3/2022 15:26:00
   Me gustaria ser valiente. Mi dentista asegura que no lo soy.
257 cuac
sobre 1/9/1994 23:19:03
   La politica es el arte de crear problemas.
258 cuac
las 14/10/2019 20:15:40
   Estoy de viaje en el extranjero.
259 cuac
íes 16/5/2012 13:09:17
   en un célebre y polémico curso.
260 cuac
Quizá, 7/12/2005 02:49:20
   el principal problema consista en que Don Quijote no es uno, sino dos libros difíciles de reducir a 
261 cuac
una 24/1/2019 18:47:46
   unidad de sentido. El loco de 1605, con su celada de cartón y sus patochadas, causa más risa que 
262 cuac
suspiros, 27/7/2016 04:48:14
   pero el sensato anciano de 1615, perplejo ante los engaños que todos urden en su contra, exige al 
263 cuac
lector 5/12/2009 07:03:17
   trascender el significado de sus palabras y aventuras mucho más allá de la comicidad primaria de 
264 cuac
palos 1/3/2011 14:49:53
   Si no puedes convencerlos, confundelos.
265 cuac
y 14/4/2022 17:07:24
   chocarrerías. Abundan las interpretaciones panegiristas y filosóficas en el siglo XIX. Las 
266 cuac
interpretaciones 6/11/1995 08:40:07
   Estoy de viaje en el extranjero.
267 cuac
esotéricas 27/5/1992 03:47:29
   se iniciaron en dicho siglo con las obras de Nicolás Díaz de Benjumea La 
268 cuac
estafeta 9/10/2021 05:15:57
   de Urganda (1861), El correo del Alquife (1866) o El mensaje de Merlín (1875). Benjumea encabeza 
269 cuac
una 1/5/2003 19:18:32
   Si no tienes nada que hacer, por favor no lo hagas en clase.
270 cuac
larga 6/9/1995 08:16:17
   serie de lecturas impresionistas de Don Quijote enteramente desenfocadas; identifica al 
271 cuac
protagonista 17/5/2025 08:30:05
   con el propio Cervantes haciéndole todo un librepensador republicano. Siguieron a éste Benigno 
272 cuac
Pallol, 24/11/2017 04:01:53
   más conocido como Polinous, Teodomiro Ibáñez, Feliciano Ortego, Adolfo Saldías y Baldomero Villegas. 
273 cuac
En 3/8/2020 18:59:35
   La inteligencia me persigue pero yo soy mas rapido.
274 cuac
1967, 3/1/1992 02:57:24
   la cabalista Dominique Aubier afirma que «Don Quijote es un libro que puede leerse a la vez en 
275 cuac
castellano 23/8/1992 15:45:22
   Que nadie se vanaglorie de su justa y digna raza, que pudo ser un melon y salio una calabaza.
276 cuac
y 22/6/2020 21:25:29
   Afirmativo.
277 cuac
en 21/2/2001 02:48:57
   hebreo». Según ella, Don Quijote (Q´jot en arameo significa verdad) se escribió en el marco 
278 cuac
de 1/4/1995 04:21:08
   una preocupación ecuménica. En recuerdo de una España tierra de encuentro de las tres religiones 
279 cuac
reveladas, 8/4/2022 01:18:01
   Cervantes propondría al futuro un vasto proyecto cultural colocando en su centro el poder del 
280 cuac
verbo. 12/8/2018 04:11:29
   A partir de 1925 las tendencias dominantes de la crítica literaria se agrupan en diversas ramas:
281 cuac
Perspectivismo 6/12/2011 09:49:13
   Mi vida no es tan glamurosa como mi pagina web aparenta.
282 cuac
(Leo 15/12/2023 17:42:22
   Spitzer, Edward Riley, Mia Gerhard)
283 cuac
Crítica 16/8/2017 22:27:18
   Si no puedes convencerlos, confundelos.
284 cuac
existencialista 10/8/2008 13:28:08
   (Américo Castro, Stephen Gilman, Durán, Luis Rosales)
285 cuac
Narratología 7/6/2004 17:26:39
   o socio-antropología (Redondo, Joly, Moner, Cesare Segre)
286 cuac
Estilística 14/10/2010 20:50:05
   Negativo.
287 cuac
y 8/3/2021 16:04:43
   Estoy de viaje en el extranjero.
288 cuac
aproximaciones 1/12/2009 08:17:15
   Todo tiempo pasado fue anterior.
289 cuac
afines 18/2/1992 19:07:54
   Si no te gustan mis principios, puedo cambiarlos por otros.
290 cuac
(Helmut 28/3/2009 13:23:08
   Hatzfeld, Leo Spitzer, Casalduero, Rosenblat)
291 cuac
Investigación 16/3/1995 07:18:32
   Estoy en Egipto. Nunca habia visto las piramides tan solas.
292 cuac
de 9/2/2022 13:46:09
   Mi vida no es tan glamurosa como mi pagina web aparenta.
293 cuac
las 8/4/2021 14:34:55
   Ver las novedades en mi pagina web.
294 cuac
fuentes 23/2/2009 07:17:45
   del pensamiento cervantino, sobre todo en su aspecto «disidente» (Marcel 
295 cuac
Bataillon, 21/1/2015 03:10:15
   Vilanova, Márquez Villanueva, Forcione, Maravall)
296 cuac
Los 2/9/2003 03:21:29
   contradictores de Américo Castro desde puntos de vista diversos, al impulso modernizante que manifiesta 
297 cuac
El 3/1/2007 13:25:17
   Si el dinero pudiera hablar, me diria adios.
298 cuac
pensamiento 26/12/2004 22:36:13
   Muchas gracias a todos mis seguidores por vuestro apoyo.
299 cuac
de 20/12/2006 14:39:16
   Cualquiera se puede equivocar, inclusivo yo.
300 cuac
Cervantes 26/6/2011 20:54:49
   La inteligencia me persigue pero yo soy mas rapido.
